28.12.2023, 15:27:29 - INFO - server.js loaded...
28.12.2023, 15:27:29 - INFO - Server is running on port: 3031
28.12.2023, 15:28:54 - INFO - Req was made | /
28.12.2023, 15:28:54 - ERROR - Failed to get toys | ReferenceError: dbService is not defined
28.12.2023, 15:28:54 - ERROR - cannot find toy | ReferenceError: dbService is not defined
28.12.2023, 15:28:54 - DEBUG - Getting toys | {}
28.12.2023, 15:29:23 - INFO - Req was made | /
28.12.2023, 15:29:23 - ERROR - cannot find toy | ReferenceError: dbService is not defined
28.12.2023, 15:29:23 - ERROR - Failed to get toys | ReferenceError: dbService is not defined
28.12.2023, 15:29:23 - DEBUG - Getting toys | {}
28.12.2023, 15:30:47 - INFO - server.js loaded...
28.12.2023, 15:30:47 - INFO - Server is running on port: 3031
28.12.2023, 15:30:48 - INFO - server.js loaded...
28.12.2023, 15:30:48 - INFO - Server is running on port: 3031
28.12.2023, 15:30:54 - INFO - Req was made | /
28.12.2023, 15:30:54 - DEBUG - Getting toys | {}
28.12.2023, 15:30:54 - ERROR - cannot find toy | ReferenceError: logger is not defined
28.12.2023, 15:30:54 - ERROR - Failed to get toys | ReferenceError: logger is not defined
28.12.2023, 15:31:45 - INFO - server.js loaded...
28.12.2023, 15:31:45 - INFO - Server is running on port: 3031
28.12.2023, 15:32:01 - INFO - server.js loaded...
28.12.2023, 15:32:01 - INFO - Server is running on port: 3031
28.12.2023, 15:32:02 - INFO - server.js loaded...
28.12.2023, 15:32:02 - INFO - Server is running on port: 3031
28.12.2023, 15:32:07 - DEBUG - Getting toys | {}
28.12.2023, 15:32:07 - ERROR - Cannot Connect to DB | ReferenceError: config is not defined
28.12.2023, 15:32:07 - INFO - Req was made | /
28.12.2023, 15:32:07 - ERROR - Failed to get Mongo collection | ReferenceError: config is not defined
28.12.2023, 15:32:07 - ERROR - cannot find toy | ReferenceError: config is not defined
28.12.2023, 15:32:07 - ERROR - Failed to get toys | ReferenceError: config is not defined
28.12.2023, 15:40:03 - INFO - server.js loaded...
28.12.2023, 15:40:03 - INFO - Server is running on port: 3031
28.12.2023, 15:40:04 - INFO - server.js loaded...
28.12.2023, 15:40:04 - INFO - Server is running on port: 3031
28.12.2023, 15:40:06 - INFO - server.js loaded...
28.12.2023, 15:40:06 - INFO - Server is running on port: 3031
28.12.2023, 15:41:36 - INFO - server.js loaded...
28.12.2023, 15:41:36 - INFO - Server is running on port: 3031
28.12.2023, 15:46:13 - INFO - Server is running on port: 3031
28.12.2023, 15:46:13 - INFO - server.js loaded...
28.12.2023, 15:46:18 - INFO - Req was made | /
28.12.2023, 15:46:18 - DEBUG - Getting toys | {}
28.12.2023, 15:46:18 - ERROR - cannot find toy | ReferenceError: config is not defined
28.12.2023, 15:46:18 - ERROR - Failed to get Mongo collection | ReferenceError: config is not defined
28.12.2023, 15:46:18 - ERROR - Cannot Connect to DB | ReferenceError: config is not defined
28.12.2023, 15:46:18 - ERROR - Failed to get toys | ReferenceError: config is not defined
28.12.2023, 15:46:52 - INFO - server.js loaded...
28.12.2023, 15:46:52 - INFO - Server is running on port: 3031
28.12.2023, 15:48:06 - INFO - Req was made | /
28.12.2023, 15:48:06 - DEBUG - Getting toys | {}
28.12.2023, 15:48:06 - ERROR - Cannot Connect to DB | ReferenceError: config is not defined
28.12.2023, 15:48:06 - ERROR - Failed to get Mongo collection | ReferenceError: config is not defined
28.12.2023, 15:48:06 - ERROR - cannot find toy | ReferenceError: config is not defined
28.12.2023, 15:48:06 - ERROR - Failed to get toys | ReferenceError: config is not defined
28.12.2023, 15:48:36 - INFO - server.js loaded...
28.12.2023, 15:48:36 - INFO - Server is running on port: 3031
28.12.2023, 15:48:41 - INFO - server.js loaded...
28.12.2023, 15:48:41 - INFO - Server is running on port: 3031
28.12.2023, 15:48:42 - INFO - Req was made | /
28.12.2023, 15:48:42 - DEBUG - Getting toys | {}
28.12.2023, 15:48:42 - ERROR - Failed to get Mongo collection | ReferenceError: config is not defined
28.12.2023, 15:48:42 - ERROR - cannot find toy | ReferenceError: config is not defined
28.12.2023, 15:48:42 - ERROR - Cannot Connect to DB | ReferenceError: config is not defined
28.12.2023, 15:48:42 - ERROR - Failed to get toys | ReferenceError: config is not defined
28.12.2023, 15:49:34 - INFO - server.js loaded...
28.12.2023, 15:49:34 - INFO - Server is running on port: 3031
28.12.2023, 15:49:36 - INFO - server.js loaded...
28.12.2023, 15:49:36 - INFO - Server is running on port: 3031
28.12.2023, 15:49:41 - DEBUG - Getting toys | {}
28.12.2023, 15:49:41 - ERROR - Failed to get Mongo collection | ReferenceError: config is not defined
28.12.2023, 15:49:41 - ERROR - Cannot Connect to DB | ReferenceError: config is not defined
28.12.2023, 15:49:41 - ERROR - cannot find toy | ReferenceError: config is not defined
28.12.2023, 15:49:41 - INFO - Req was made | /
28.12.2023, 15:49:41 - ERROR - Failed to get toys | ReferenceError: config is not defined
28.12.2023, 15:49:49 - INFO - server.js loaded...
28.12.2023, 15:49:49 - INFO - Server is running on port: 3031
28.12.2023, 15:49:54 - INFO - server.js loaded...
28.12.2023, 15:49:54 - INFO - Server is running on port: 3031
28.12.2023, 15:49:54 - DEBUG - Getting toys | {}
28.12.2023, 15:49:54 - ERROR - Failed to get Mongo collection | ReferenceError: config is not defined
28.12.2023, 15:49:54 - INFO - Req was made | /
28.12.2023, 15:49:54 - ERROR - Cannot Connect to DB | ReferenceError: config is not defined
28.12.2023, 15:49:54 - ERROR - Failed to get toys | ReferenceError: config is not defined
28.12.2023, 15:49:54 - ERROR - cannot find toy | ReferenceError: config is not defined
28.12.2023, 15:50:01 - INFO - server.js loaded...
28.12.2023, 15:50:01 - INFO - Server is running on port: 3031
28.12.2023, 15:50:06 - INFO - server.js loaded...
28.12.2023, 15:50:06 - INFO - Server is running on port: 3031
28.12.2023, 15:50:07 - INFO - Req was made | /
28.12.2023, 15:50:07 - DEBUG - Getting toys | {}
28.12.2023, 15:50:07 - ERROR - Failed to get Mongo collection | ReferenceError: config is not defined
28.12.2023, 15:50:07 - ERROR - cannot find toy | ReferenceError: config is not defined
28.12.2023, 15:50:07 - ERROR - Failed to get toys | ReferenceError: config is not defined
28.12.2023, 15:50:07 - ERROR - Cannot Connect to DB | ReferenceError: config is not defined
28.12.2023, 15:50:29 - INFO - server.js loaded...
28.12.2023, 15:50:29 - INFO - Server is running on port: 3031
28.12.2023, 15:50:31 - INFO - Server is running on port: 3031
28.12.2023, 15:50:31 - INFO - server.js loaded...
28.12.2023, 15:50:34 - INFO - server.js loaded...
28.12.2023, 15:50:34 - INFO - Server is running on port: 3031
28.12.2023, 15:50:36 - INFO - server.js loaded...
28.12.2023, 15:50:36 - INFO - Server is running on port: 3031
28.12.2023, 15:50:36 - INFO - Req was made | /
28.12.2023, 15:50:36 - DEBUG - Getting toys | {}
28.12.2023, 15:50:36 - ERROR - Cannot Connect to DB | ReferenceError: config is not defined
28.12.2023, 15:50:36 - ERROR - Failed to get Mongo collection | ReferenceError: config is not defined
28.12.2023, 15:50:36 - ERROR - cannot find toy | ReferenceError: config is not defined
28.12.2023, 15:50:36 - ERROR - Failed to get toys | ReferenceError: config is not defined
28.12.2023, 15:50:44 - INFO - server.js loaded...
28.12.2023, 15:50:44 - INFO - Server is running on port: 3031
28.12.2023, 15:50:46 - INFO - Server is running on port: 3031
28.12.2023, 15:50:46 - INFO - server.js loaded...
28.12.2023, 15:50:58 - INFO - server.js loaded...
28.12.2023, 15:50:58 - INFO - Server is running on port: 3031
28.12.2023, 15:51:01 - INFO - Req was made | /
28.12.2023, 15:51:01 - DEBUG - Getting toys | {}
28.12.2023, 15:51:01 - ERROR - Cannot Connect to DB | ReferenceError: config is not defined
28.12.2023, 15:51:01 - ERROR - cannot find toy | ReferenceError: config is not defined
28.12.2023, 15:51:01 - ERROR - Failed to get toys | ReferenceError: config is not defined
28.12.2023, 15:51:01 - ERROR - Failed to get Mongo collection | ReferenceError: config is not defined
28.12.2023, 15:52:08 - INFO - Server is running on port: 3031
28.12.2023, 15:52:08 - INFO - server.js loaded...
28.12.2023, 15:52:19 - INFO - Req was made | /
28.12.2023, 15:52:19 - DEBUG - Getting toys | {}
28.12.2023, 15:52:19 - ERROR - Cannot Connect to DB | ReferenceError: config is not defined
28.12.2023, 15:52:19 - ERROR - Failed to get Mongo collection | ReferenceError: config is not defined
28.12.2023, 15:52:19 - ERROR - Failed to get toys | ReferenceError: config is not defined
28.12.2023, 15:52:19 - ERROR - cannot find toy | ReferenceError: config is not defined
28.12.2023, 16:03:04 - INFO - server.js loaded...
28.12.2023, 16:03:05 - INFO - Server is running on port: 20017
28.12.2023, 16:03:13 - INFO - server.js loaded...
28.12.2023, 16:03:13 - INFO - Server is running on port: 27017
28.12.2023, 16:18:26 - INFO - server.js loaded...
28.12.2023, 16:18:26 - INFO - Server is running on port: 3031
28.12.2023, 16:18:28 - INFO - server.js loaded...
28.12.2023, 16:18:28 - INFO - Server is running on port: 3030
28.12.2023, 16:18:35 - INFO - Server is running on port: 27017
28.12.2023, 16:18:35 - INFO - server.js loaded...
28.12.2023, 16:19:10 - INFO - server.js loaded...
28.12.2023, 16:19:10 - INFO - Server is running on port: 3031
28.12.2023, 16:19:29 - ERROR - Cannot Connect to DB | ReferenceError: config is not defined
28.12.2023, 16:19:29 - INFO - Req was made | /
28.12.2023, 16:19:29 - DEBUG - Getting toys | {}
28.12.2023, 16:19:29 - ERROR - cannot find toy | ReferenceError: config is not defined
28.12.2023, 16:19:29 - ERROR - Failed to get Mongo collection | ReferenceError: config is not defined
28.12.2023, 16:19:29 - ERROR - Failed to get toys | ReferenceError: config is not defined
28.12.2023, 16:20:11 - DEBUG - Getting toys | {"name":"","inStock":"all","sortBy":"name"}
28.12.2023, 16:20:11 - INFO - Req was made | /
28.12.2023, 16:20:11 - ERROR - Cannot Connect to DB | ReferenceError: config is not defined
28.12.2023, 16:20:11 - ERROR - Failed to get Mongo collection | ReferenceError: config is not defined
28.12.2023, 16:20:11 - ERROR - Failed to get toys | ReferenceError: config is not defined
28.12.2023, 16:20:11 - ERROR - cannot find toy | ReferenceError: config is not defined
28.12.2023, 16:20:25 - INFO - Req was made | /
28.12.2023, 16:20:25 - ERROR - Cannot Connect to DB | ReferenceError: config is not defined
28.12.2023, 16:20:25 - ERROR - Failed to get Mongo collection | ReferenceError: config is not defined
28.12.2023, 16:20:25 - ERROR - cannot find toy | ReferenceError: config is not defined
28.12.2023, 16:20:25 - ERROR - Failed to get toys | ReferenceError: config is not defined
28.12.2023, 16:20:25 - DEBUG - Getting toys | {"name":"","inStock":"all","sortBy":"name"}
28.12.2023, 16:21:47 - INFO - server.js loaded...
28.12.2023, 16:21:47 - INFO - Server is running on port: 3031
28.12.2023, 16:23:34 - INFO - server.js loaded...
28.12.2023, 16:23:34 - INFO - Server is running on port: 3031
28.12.2023, 16:23:35 - INFO - server.js loaded...
28.12.2023, 16:23:35 - INFO - Server is running on port: 3031
28.12.2023, 16:23:40 - INFO - Req was made | /
28.12.2023, 16:23:40 - DEBUG - Getting toys | {"name":"","inStock":"all","sortBy":"name"}
28.12.2023, 16:23:40 - ERROR - Cannot Connect to DB | ReferenceError: config is not defined
28.12.2023, 16:23:40 - ERROR - Failed to get Mongo collection | ReferenceError: config is not defined
28.12.2023, 16:23:40 - ERROR - cannot find toy | ReferenceError: config is not defined
28.12.2023, 16:23:40 - ERROR - Failed to get toys | ReferenceError: config is not defined
28.12.2023, 16:23:51 - DEBUG - Getting toys | {"name":"","inStock":"all","sortBy":"name"}
28.12.2023, 16:23:51 - INFO - Req was made | /
28.12.2023, 16:23:51 - ERROR - Cannot Connect to DB | ReferenceError: config is not defined
28.12.2023, 16:23:51 - ERROR - Failed to get Mongo collection | ReferenceError: config is not defined
28.12.2023, 16:23:51 - ERROR - Failed to get toys | ReferenceError: config is not defined
28.12.2023, 16:23:51 - ERROR - cannot find toy | ReferenceError: config is not defined
28.12.2023, 16:23:54 - ERROR - Cannot Connect to DB | ReferenceError: config is not defined
28.12.2023, 16:23:54 - ERROR - Failed to get Mongo collection | ReferenceError: config is not defined
28.12.2023, 16:23:54 - DEBUG - Getting toys | {"name":"","inStock":"all","sortBy":"name"}
28.12.2023, 16:23:54 - INFO - Req was made | /
28.12.2023, 16:23:54 - ERROR - cannot find toy | ReferenceError: config is not defined
28.12.2023, 16:23:54 - ERROR - Failed to get toys | ReferenceError: config is not defined
28.12.2023, 16:24:30 - INFO - Req was made | /
28.12.2023, 16:24:30 - DEBUG - Getting toys | {"name":"","inStock":"all","sortBy":"name"}
28.12.2023, 16:24:30 - ERROR - Cannot Connect to DB | ReferenceError: config is not defined
28.12.2023, 16:24:30 - ERROR - Failed to get Mongo collection | ReferenceError: config is not defined
28.12.2023, 16:24:30 - ERROR - cannot find toy | ReferenceError: config is not defined
28.12.2023, 16:24:30 - ERROR - Failed to get toys | ReferenceError: config is not defined
28.12.2023, 16:26:48 - INFO - server.js loaded...
28.12.2023, 16:26:48 - INFO - Server is running on port: 3031
28.12.2023, 16:26:51 - INFO - Req was made | /
28.12.2023, 16:26:51 - DEBUG - Getting toys | {"name":"","inStock":"all","sortBy":"name"}
28.12.2023, 16:26:51 - ERROR - cannot find toy | MongoServerError: $regex has to be a string
28.12.2023, 16:26:51 - ERROR - Failed to get toys | MongoServerError: $regex has to be a string
28.12.2023, 16:26:55 - INFO - Req was made | /
28.12.2023, 16:26:55 - DEBUG - Getting toys | {}
28.12.2023, 16:26:55 - ERROR - Failed to get toys | MongoServerError: $regex has to be a string
28.12.2023, 16:26:55 - ERROR - cannot find toy | MongoServerError: $regex has to be a string
28.12.2023, 16:27:26 - DEBUG - Getting toys | {}
28.12.2023, 16:27:26 - INFO - Req was made | /
28.12.2023, 16:27:26 - ERROR - Failed to get toys | MongoServerError: $regex has to be a string
28.12.2023, 16:27:26 - ERROR - cannot find toy | MongoServerError: $regex has to be a string
28.12.2023, 16:29:00 - INFO - server.js loaded...
28.12.2023, 16:29:00 - INFO - Server is running on port: 3031
28.12.2023, 16:29:01 - INFO - server.js loaded...
28.12.2023, 16:29:01 - INFO - Server is running on port: 3031
28.12.2023, 16:29:04 - INFO - server.js loaded...
28.12.2023, 16:29:04 - INFO - Server is running on port: 3031
28.12.2023, 16:29:07 - INFO - Server is running on port: 3031
28.12.2023, 16:29:07 - INFO - server.js loaded...
28.12.2023, 16:29:22 - INFO - server.js loaded...
28.12.2023, 16:29:22 - INFO - Server is running on port: 3031
28.12.2023, 16:29:33 - DEBUG - Getting toys | {}
28.12.2023, 16:29:33 - INFO - Req was made | /
28.12.2023, 16:31:19 - INFO - server.js loaded...
28.12.2023, 16:31:19 - INFO - Server is running on port: 3031
28.12.2023, 16:31:22 - INFO - server.js loaded...
28.12.2023, 16:31:22 - INFO - Server is running on port: 3031
28.12.2023, 16:31:24 - INFO - server.js loaded...
28.12.2023, 16:31:24 - INFO - Server is running on port: 3031
28.12.2023, 16:31:26 - DEBUG - Getting toys | {}
28.12.2023, 16:31:26 - INFO - Req was made | /
28.12.2023, 16:32:05 - INFO - server.js loaded...
28.12.2023, 16:32:05 - INFO - Server is running on port: 3031
28.12.2023, 16:36:18 - INFO - server.js loaded...
28.12.2023, 16:36:18 - INFO - Server is running on port: 3031
28.12.2023, 16:36:23 - INFO - server.js loaded...
28.12.2023, 16:36:23 - INFO - Server is running on port: 3031
28.12.2023, 16:36:26 - INFO - server.js loaded...
28.12.2023, 16:36:26 - INFO - Server is running on port: 3031
28.12.2023, 16:36:27 - INFO - server.js loaded...
28.12.2023, 16:36:27 - INFO - Server is running on port: 3031
28.12.2023, 16:36:39 - INFO - server.js loaded...
28.12.2023, 16:36:39 - INFO - Server is running on port: 3031
28.12.2023, 16:36:41 - INFO - server.js loaded...
28.12.2023, 16:36:41 - INFO - Server is running on port: 3031
28.12.2023, 16:36:49 - INFO - server.js loaded...
28.12.2023, 16:36:49 - INFO - Server is running on port: 3031
28.12.2023, 16:37:09 - INFO - server.js loaded...
28.12.2023, 16:37:09 - INFO - Server is running on port: 3031
28.12.2023, 16:37:12 - INFO - server.js loaded...
28.12.2023, 16:37:12 - INFO - Server is running on port: 3031
28.12.2023, 16:37:16 - INFO - server.js loaded...
28.12.2023, 16:37:16 - INFO - Server is running on port: 3031
28.12.2023, 16:37:17 - INFO - server.js loaded...
28.12.2023, 16:37:17 - INFO - Server is running on port: 3031
28.12.2023, 16:37:19 - INFO - server.js loaded...
28.12.2023, 16:37:19 - INFO - Server is running on port: 3031
28.12.2023, 16:37:24 - INFO - server.js loaded...
28.12.2023, 16:37:24 - INFO - Server is running on port: 3031
28.12.2023, 16:38:13 - INFO - Server is running on port: 3031
28.12.2023, 16:38:13 - INFO - server.js loaded...
28.12.2023, 16:38:21 - INFO - Server is running on port: 3031
28.12.2023, 16:38:21 - INFO - server.js loaded...
28.12.2023, 16:39:02 - INFO - Server is running on port: 3031
28.12.2023, 16:39:02 - INFO - server.js loaded...
28.12.2023, 16:39:13 - INFO - server.js loaded...
28.12.2023, 16:39:13 - INFO - Server is running on port: 3031
28.12.2023, 16:39:19 - INFO - server.js loaded...
28.12.2023, 16:39:19 - INFO - Server is running on port: 3031
28.12.2023, 16:41:12 - INFO - server.js loaded...
28.12.2023, 16:41:12 - INFO - Server is running on port: 3031
28.12.2023, 16:41:31 - INFO - server.js loaded...
28.12.2023, 16:41:31 - INFO - Server is running on port: 3031
28.12.2023, 16:41:36 - INFO - server.js loaded...
28.12.2023, 16:41:36 - INFO - Server is running on port: 3031
28.12.2023, 16:41:44 - INFO - server.js loaded...
28.12.2023, 16:41:44 - INFO - Server is running on port: 3031
28.12.2023, 16:41:46 - INFO - server.js loaded...
28.12.2023, 16:41:46 - INFO - Server is running on port: 3031
28.12.2023, 16:41:50 - INFO - server.js loaded...
28.12.2023, 16:41:50 - INFO - Server is running on port: 3031
28.12.2023, 16:41:51 - INFO - server.js loaded...
28.12.2023, 16:41:51 - INFO - Server is running on port: 3031
28.12.2023, 16:41:53 - INFO - server.js loaded...
28.12.2023, 16:41:53 - INFO - Server is running on port: 3031
28.12.2023, 16:41:55 - INFO - server.js loaded...
28.12.2023, 16:41:55 - INFO - Server is running on port: 3031
28.12.2023, 16:41:57 - INFO - Server is running on port: 3031
28.12.2023, 16:41:57 - INFO - server.js loaded...
28.12.2023, 16:42:00 - INFO - server.js loaded...
28.12.2023, 16:42:00 - INFO - Server is running on port: 3031
28.12.2023, 16:42:01 - INFO - server.js loaded...
28.12.2023, 16:42:01 - INFO - Server is running on port: 3031
28.12.2023, 16:42:04 - INFO - server.js loaded...
28.12.2023, 16:42:04 - INFO - Server is running on port: 3031
28.12.2023, 16:42:08 - INFO - server.js loaded...
28.12.2023, 16:42:08 - INFO - Server is running on port: 3031
28.12.2023, 16:42:09 - INFO - server.js loaded...
28.12.2023, 16:42:09 - INFO - Server is running on port: 3031
28.12.2023, 16:42:18 - INFO - server.js loaded...
28.12.2023, 16:42:18 - INFO - Server is running on port: 3031
28.12.2023, 16:42:20 - INFO - server.js loaded...
28.12.2023, 16:42:20 - INFO - Server is running on port: 3031
28.12.2023, 16:43:29 - INFO - server.js loaded...
28.12.2023, 16:43:29 - INFO - Server is running on port: 3031
28.12.2023, 16:43:32 - INFO - server.js loaded...
28.12.2023, 16:43:32 - INFO - Server is running on port: 3031
28.12.2023, 16:43:35 - INFO - server.js loaded...
28.12.2023, 16:43:35 - INFO - Server is running on port: 3031
28.12.2023, 16:50:52 - INFO - server.js loaded...
28.12.2023, 16:50:52 - INFO - Server is running on port: 3031
28.12.2023, 16:50:54 - INFO - server.js loaded...
28.12.2023, 16:50:54 - INFO - Server is running on port: 3031
28.12.2023, 16:50:57 - INFO - server.js loaded...
28.12.2023, 16:50:57 - INFO - Server is running on port: 3031
28.12.2023, 16:51:00 - INFO - server.js loaded...
28.12.2023, 16:51:01 - INFO - Server is running on port: 3031
28.12.2023, 16:51:10 - INFO - server.js loaded...
28.12.2023, 16:51:10 - INFO - Server is running on port: 3031
28.12.2023, 16:51:17 - INFO - server.js loaded...
28.12.2023, 16:51:17 - INFO - Server is running on port: 3031
28.12.2023, 16:51:59 - INFO - server.js loaded...
28.12.2023, 16:51:59 - INFO - Server is running on port: 3031
28.12.2023, 16:52:02 - INFO - server.js loaded...
28.12.2023, 16:52:02 - INFO - Server is running on port: 3031
28.12.2023, 16:52:06 - INFO - server.js loaded...
28.12.2023, 16:52:06 - INFO - Server is running on port: 3031
28.12.2023, 16:52:17 - INFO - server.js loaded...
28.12.2023, 16:52:17 - INFO - Server is running on port: 3031
28.12.2023, 16:52:19 - INFO - server.js loaded...
28.12.2023, 16:52:19 - INFO - Server is running on port: 3031
28.12.2023, 16:52:21 - INFO - server.js loaded...
28.12.2023, 16:52:21 - INFO - Server is running on port: 3031
28.12.2023, 16:52:23 - INFO - server.js loaded...
28.12.2023, 16:52:23 - INFO - Server is running on port: 3031
28.12.2023, 16:52:25 - INFO - server.js loaded...
28.12.2023, 16:52:25 - INFO - Server is running on port: 3031
28.12.2023, 16:52:42 - INFO - server.js loaded...
28.12.2023, 16:52:42 - INFO - Server is running on port: 3031
28.12.2023, 16:52:44 - INFO - server.js loaded...
28.12.2023, 16:52:44 - INFO - Server is running on port: 3031
28.12.2023, 16:52:57 - INFO - server.js loaded...
28.12.2023, 16:52:57 - INFO - Server is running on port: 3031
28.12.2023, 16:53:07 - INFO - server.js loaded...
28.12.2023, 16:53:07 - INFO - Server is running on port: 3031
28.12.2023, 16:53:15 - INFO - server.js loaded...
28.12.2023, 16:53:15 - INFO - Server is running on port: 3031
28.12.2023, 16:53:16 - INFO - server.js loaded...
28.12.2023, 16:53:16 - INFO - Server is running on port: 3031
28.12.2023, 16:53:43 - INFO - server.js loaded...
28.12.2023, 16:53:43 - INFO - Server is running on port: 3031
28.12.2023, 17:01:20 - INFO - server.js loaded...
28.12.2023, 17:01:20 - INFO - Server is running on port: 3031
28.12.2023, 17:01:21 - INFO - server.js loaded...
28.12.2023, 17:01:21 - INFO - Server is running on port: 3031
28.12.2023, 17:01:25 - INFO - server.js loaded...
28.12.2023, 17:01:25 - INFO - Server is running on port: 3031
28.12.2023, 17:01:26 - INFO - server.js loaded...
28.12.2023, 17:01:26 - INFO - Server is running on port: 3031
28.12.2023, 17:01:31 - INFO - server.js loaded...
28.12.2023, 17:01:31 - INFO - Server is running on port: 3031
28.12.2023, 17:01:37 - INFO - server.js loaded...
28.12.2023, 17:01:37 - INFO - Server is running on port: 3031
28.12.2023, 17:01:46 - INFO - server.js loaded...
28.12.2023, 17:01:46 - INFO - Server is running on port: 3031
28.12.2023, 17:01:48 - INFO - server.js loaded...
28.12.2023, 17:01:48 - INFO - Server is running on port: 3031
28.12.2023, 17:02:25 - INFO - Req was made | /
28.12.2023, 17:02:25 - DEBUG - Getting toys | {}
28.12.2023, 17:02:25 - ERROR - cannot find toy | TypeError: collection.find(...).toArray(...).sort is not a function
28.12.2023, 17:02:25 - ERROR - Failed to get toys | TypeError: collection.find(...).toArray(...).sort is not a function
28.12.2023, 17:02:57 - INFO - server.js loaded...
28.12.2023, 17:02:57 - INFO - Server is running on port: 3031
28.12.2023, 17:03:54 - INFO - server.js loaded...
28.12.2023, 17:03:55 - INFO - Server is running on port: 3031
28.12.2023, 17:04:01 - INFO - server.js loaded...
28.12.2023, 17:04:01 - INFO - Server is running on port: 3031
28.12.2023, 17:04:05 - INFO - server.js loaded...
28.12.2023, 17:04:05 - INFO - Server is running on port: 3031
28.12.2023, 17:04:08 - DEBUG - Getting toys | {}
28.12.2023, 17:04:08 - INFO - Req was made | /
28.12.2023, 17:05:19 - DEBUG - Getting toys | {"inStock":"notInStock","sortBy":"price"}
28.12.2023, 17:05:19 - INFO - Req was made | /
28.12.2023, 17:05:33 - INFO - Req was made | /
28.12.2023, 17:05:33 - DEBUG - Getting toys | {}
28.12.2023, 17:05:43 - INFO - Req was made | /
28.12.2023, 17:05:43 - DEBUG - Getting toys | {"sortBy":"price"}
28.12.2023, 17:06:24 - INFO - server.js loaded...
28.12.2023, 17:06:24 - INFO - Server is running on port: 3031
28.12.2023, 17:06:58 - INFO - server.js loaded...
28.12.2023, 17:06:58 - INFO - Server is running on port: 3031
28.12.2023, 17:07:03 - INFO - server.js loaded...
28.12.2023, 17:07:03 - INFO - Server is running on port: 3031
28.12.2023, 17:07:07 - INFO - server.js loaded...
28.12.2023, 17:07:07 - INFO - Server is running on port: 3031
28.12.2023, 17:07:09 - INFO - server.js loaded...
28.12.2023, 17:07:09 - INFO - Server is running on port: 3031
28.12.2023, 17:07:16 - INFO - server.js loaded...
28.12.2023, 17:07:16 - INFO - Server is running on port: 3031
28.12.2023, 17:07:21 - INFO - server.js loaded...
28.12.2023, 17:07:21 - INFO - Server is running on port: 3031
28.12.2023, 17:07:27 - INFO - server.js loaded...
28.12.2023, 17:07:27 - INFO - Server is running on port: 3031
28.12.2023, 17:07:45 - INFO - server.js loaded...
28.12.2023, 17:07:45 - INFO - Server is running on port: 3031
28.12.2023, 17:08:01 - INFO - server.js loaded...
28.12.2023, 17:08:01 - INFO - Server is running on port: 3031
28.12.2023, 17:08:20 - INFO - server.js loaded...
28.12.2023, 17:08:20 - INFO - Server is running on port: 3031
28.12.2023, 17:08:21 - INFO - server.js loaded...
28.12.2023, 17:08:21 - INFO - Server is running on port: 3031
28.12.2023, 17:08:27 - DEBUG - Getting toys | {"sortBy":"price"}
28.12.2023, 17:08:27 - INFO - Req was made | /
28.12.2023, 17:08:56 - INFO - server.js loaded...
28.12.2023, 17:08:56 - INFO - Server is running on port: 3031
28.12.2023, 17:09:32 - INFO - server.js loaded...
28.12.2023, 17:09:32 - INFO - Server is running on port: 3031
28.12.2023, 17:09:33 - INFO - server.js loaded...
28.12.2023, 17:09:33 - INFO - Server is running on port: 3031
28.12.2023, 17:09:36 - INFO - server.js loaded...
28.12.2023, 17:09:36 - INFO - Server is running on port: 3031
28.12.2023, 17:09:41 - INFO - server.js loaded...
28.12.2023, 17:09:41 - INFO - Server is running on port: 3031
28.12.2023, 17:09:44 - INFO - server.js loaded...
28.12.2023, 17:09:44 - INFO - Server is running on port: 3031
28.12.2023, 17:09:49 - INFO - Req was made | /
28.12.2023, 17:09:49 - DEBUG - Getting toys | {}
28.12.2023, 17:10:14 - INFO - server.js loaded...
28.12.2023, 17:10:14 - INFO - Server is running on port: 3031
28.12.2023, 17:10:22 - INFO - server.js loaded...
28.12.2023, 17:10:22 - INFO - Server is running on port: 3031
28.12.2023, 17:10:23 - INFO - server.js loaded...
28.12.2023, 17:10:23 - INFO - Server is running on port: 3031
28.12.2023, 17:10:25 - INFO - Req was made | /
28.12.2023, 17:10:25 - DEBUG - Getting toys | {}
28.12.2023, 17:10:43 - INFO - server.js loaded...
28.12.2023, 17:10:43 - INFO - Server is running on port: 3031
28.12.2023, 17:11:02 - INFO - server.js loaded...
28.12.2023, 17:11:02 - INFO - Server is running on port: 3031
28.12.2023, 17:11:09 - DEBUG - Getting toys | {}
28.12.2023, 17:11:09 - INFO - Req was made | /
28.12.2023, 17:11:32 - INFO - server.js loaded...
28.12.2023, 17:11:32 - INFO - Server is running on port: 3031
28.12.2023, 17:11:35 - INFO - server.js loaded...
28.12.2023, 17:11:35 - INFO - Server is running on port: 3031
28.12.2023, 17:11:37 - INFO - Req was made | /
28.12.2023, 17:11:37 - DEBUG - Getting toys | {}
28.12.2023, 17:12:13 - INFO - server.js loaded...
28.12.2023, 17:12:13 - INFO - Server is running on port: 3031
28.12.2023, 17:12:17 - INFO - Req was made | /
28.12.2023, 17:12:17 - DEBUG - Getting toys | {}
28.12.2023, 17:12:25 - INFO - Req was made | /
28.12.2023, 17:12:25 - DEBUG - Getting toys | {}
28.12.2023, 17:12:37 - INFO - server.js loaded...
28.12.2023, 17:12:37 - INFO - Server is running on port: 3031
28.12.2023, 17:12:38 - INFO - Req was made | /
28.12.2023, 17:12:38 - DEBUG - Getting toys | {}
28.12.2023, 17:12:45 - INFO - server.js loaded...
28.12.2023, 17:12:45 - INFO - Server is running on port: 3031
28.12.2023, 17:12:48 - INFO - server.js loaded...
28.12.2023, 17:12:48 - INFO - Server is running on port: 3031
28.12.2023, 17:12:52 - INFO - server.js loaded...
28.12.2023, 17:12:52 - INFO - Server is running on port: 3031
28.12.2023, 17:12:54 - DEBUG - Getting toys | {}
28.12.2023, 17:12:54 - INFO - Req was made | /
28.12.2023, 17:12:54 - ERROR - cannot find toy | ReferenceError: filterSortBy is not defined
28.12.2023, 17:12:54 - ERROR - Failed to get toys | ReferenceError: filterSortBy is not defined
28.12.2023, 17:13:06 - INFO - server.js loaded...
28.12.2023, 17:13:06 - INFO - Server is running on port: 3031
28.12.2023, 17:13:10 - INFO - server.js loaded...
28.12.2023, 17:13:10 - INFO - Server is running on port: 3031
28.12.2023, 17:13:20 - INFO - server.js loaded...
28.12.2023, 17:13:20 - INFO - Server is running on port: 3031
28.12.2023, 17:13:25 - INFO - server.js loaded...
28.12.2023, 17:13:25 - INFO - Server is running on port: 3031
28.12.2023, 17:13:28 - INFO - Req was made | /
28.12.2023, 17:13:28 - DEBUG - Getting toys | {}
28.12.2023, 17:13:46 - INFO - Req was made | /
28.12.2023, 17:13:46 - DEBUG - Getting toys | {"inStock":"notInStock"}
28.12.2023, 17:14:17 - DEBUG - Getting toys | {"inStock":"inStock"}
28.12.2023, 17:14:17 - INFO - Req was made | /
28.12.2023, 17:14:26 - INFO - server.js loaded...
28.12.2023, 17:14:26 - INFO - Server is running on port: 3031
28.12.2023, 17:14:51 - INFO - Req was made | /
28.12.2023, 17:14:51 - DEBUG - Getting toys | {"name":"Talking"}
28.12.2023, 17:15:05 - INFO - Req was made | /
28.12.2023, 17:15:05 - DEBUG - Getting toys | {"name":"T"}
28.12.2023, 17:15:54 - INFO - Req was made | /
28.12.2023, 17:15:54 - DEBUG - Getting toys | {"byLabel":"[\"Children\",\"Kids\"]"}
28.12.2023, 17:15:54 - ERROR - cannot find toy | TypeError: byLabel.forEach is not a function
28.12.2023, 17:15:54 - ERROR - Failed to get toys | TypeError: byLabel.forEach is not a function
28.12.2023, 17:16:07 - DEBUG - Getting toys | {"byLabel":"[Children\",\"Kids]"}
28.12.2023, 17:16:07 - INFO - Req was made | /
28.12.2023, 17:16:07 - ERROR - Failed to get toys | TypeError: byLabel.forEach is not a function
28.12.2023, 17:16:07 - ERROR - cannot find toy | TypeError: byLabel.forEach is not a function
28.12.2023, 17:16:15 - INFO - server.js loaded...
28.12.2023, 17:16:15 - INFO - Server is running on port: 3031
28.12.2023, 17:16:24 - DEBUG - Getting toys | {"byLabel":"[Children,Kids]"}
28.12.2023, 17:16:24 - ERROR - cannot find toy | TypeError: byLabel.forEach is not a function
28.12.2023, 17:16:24 - INFO - Req was made | /
28.12.2023, 17:16:24 - ERROR - Failed to get toys | TypeError: byLabel.forEach is not a function
28.12.2023, 17:17:51 - INFO - Req was made | /
28.12.2023, 17:17:51 - ERROR - cannot find toy | TypeError: byLabel.forEach is not a function
28.12.2023, 17:17:51 - DEBUG - Getting toys | {"byLabel":"[\"Children\",\"Kids\"]"}
28.12.2023, 17:17:51 - ERROR - Failed to get toys | TypeError: byLabel.forEach is not a function
28.12.2023, 17:18:00 - INFO - server.js loaded...
28.12.2023, 17:18:00 - INFO - Server is running on port: 3031
28.12.2023, 17:18:01 - INFO - server.js loaded...
28.12.2023, 17:18:01 - INFO - Server is running on port: 3031
28.12.2023, 17:18:05 - INFO - server.js loaded...
28.12.2023, 17:18:05 - INFO - Server is running on port: 3031
28.12.2023, 17:18:09 - INFO - server.js loaded...
28.12.2023, 17:18:09 - INFO - Server is running on port: 3031
28.12.2023, 17:18:11 - INFO - server.js loaded...
28.12.2023, 17:18:11 - INFO - Server is running on port: 3031
28.12.2023, 17:19:30 - INFO - server.js loaded...
28.12.2023, 17:19:30 - INFO - Server is running on port: 3031
28.12.2023, 17:19:35 - INFO - Req was made | /
28.12.2023, 17:19:35 - DEBUG - Getting toys | {"byLabel":"[\"Children\",\"Kids\"]"}
28.12.2023, 17:19:35 - ERROR - Failed to get toys | TypeError: byLabel.forEach is not a function
28.12.2023, 17:19:35 - ERROR - cannot find toy | TypeError: byLabel.forEach is not a function
28.12.2023, 17:19:55 - INFO - server.js loaded...
28.12.2023, 17:19:55 - INFO - Server is running on port: 3031
28.12.2023, 17:20:03 - INFO - server.js loaded...
28.12.2023, 17:20:04 - INFO - Server is running on port: 3031
28.12.2023, 17:20:10 - INFO - server.js loaded...
28.12.2023, 17:20:10 - INFO - Server is running on port: 3031
28.12.2023, 17:20:13 - DEBUG - Getting toys | {"byLabel":"[\"Children\",\"Kids\"]"}
28.12.2023, 17:20:13 - INFO - Req was made | /
28.12.2023, 17:20:13 - ERROR - Failed to get toys | TypeError: byLabel.forEach is not a function
28.12.2023, 17:20:13 - ERROR - cannot find toy | TypeError: byLabel.forEach is not a function
28.12.2023, 17:22:43 - INFO - Req was made | /
28.12.2023, 17:22:43 - DEBUG - Getting toys | {"byLabel":"[\"Children\"]"}
28.12.2023, 17:22:43 - ERROR - cannot find toy | TypeError: byLabel.forEach is not a function
28.12.2023, 17:22:43 - ERROR - Failed to get toys | TypeError: byLabel.forEach is not a function
28.12.2023, 17:22:57 - INFO - server.js loaded...
28.12.2023, 17:22:57 - INFO - Server is running on port: 3031
28.12.2023, 17:23:03 - DEBUG - Getting toys | {}
28.12.2023, 17:23:03 - INFO - Req was made | /
28.12.2023, 17:23:03 - ERROR - cannot find toy | MongoServerError: unknown top level operator: $sort. If you have a field name that starts with a '$' symbol, consider using $getField or $setField.
28.12.2023, 17:23:03 - ERROR - Failed to get toys | MongoServerError: unknown top level operator: $sort. If you have a field name that starts with a '$' symbol, consider using $getField or $setField.
28.12.2023, 17:23:15 - INFO - server.js loaded...
28.12.2023, 17:23:15 - INFO - Server is running on port: 3031
28.12.2023, 17:23:38 - INFO - server.js loaded...
28.12.2023, 17:23:38 - INFO - Server is running on port: 3031
28.12.2023, 17:23:40 - INFO - server.js loaded...
28.12.2023, 17:23:40 - INFO - Server is running on port: 3031
28.12.2023, 17:23:41 - INFO - server.js loaded...
28.12.2023, 17:23:41 - INFO - Server is running on port: 3031
28.12.2023, 17:23:49 - INFO - server.js loaded...
28.12.2023, 17:23:49 - INFO - Server is running on port: 3031
28.12.2023, 17:23:54 - INFO - server.js loaded...
28.12.2023, 17:23:54 - INFO - Server is running on port: 3031
28.12.2023, 17:24:00 - INFO - Req was made | /
28.12.2023, 17:24:00 - DEBUG - Getting toys | {}
28.12.2023, 17:24:00 - ERROR - cannot find toy | TypeError: collection.find(...).toArray(...).sort is not a function
28.12.2023, 17:24:00 - ERROR - Failed to get toys | TypeError: collection.find(...).toArray(...).sort is not a function
28.12.2023, 17:24:10 - INFO - server.js loaded...
28.12.2023, 17:24:10 - INFO - Server is running on port: 3031
28.12.2023, 17:24:14 - INFO - server.js loaded...
28.12.2023, 17:24:14 - INFO - Server is running on port: 3031
28.12.2023, 17:24:15 - INFO - Req was made | /
28.12.2023, 17:24:15 - DEBUG - Getting toys | {}
28.12.2023, 17:24:27 - INFO - Req was made | /
28.12.2023, 17:24:27 - DEBUG - Getting toys | {"sortBy":"price"}
28.12.2023, 17:24:47 - INFO - Req was made | /
28.12.2023, 17:24:47 - DEBUG - Getting toys | {"sortBy":"createAt"}
28.12.2023, 17:24:56 - DEBUG - Getting toys | {"sortBy":"name"}
28.12.2023, 17:24:56 - INFO - Req was made | /
28.12.2023, 17:25:18 - INFO - server.js loaded...
28.12.2023, 17:25:18 - INFO - Server is running on port: 3031
28.12.2023, 17:25:25 - INFO - server.js loaded...
28.12.2023, 17:25:25 - INFO - Server is running on port: 3031
28.12.2023, 17:25:28 - DEBUG - Getting toys | {}
28.12.2023, 17:25:28 - INFO - Req was made | /
28.12.2023, 17:25:39 - INFO - server.js loaded...
28.12.2023, 17:25:39 - INFO - Server is running on port: 3031
28.12.2023, 17:25:50 - INFO - server.js loaded...
28.12.2023, 17:25:50 - INFO - Server is running on port: 3031
28.12.2023, 17:25:51 - INFO - server.js loaded...
28.12.2023, 17:25:51 - INFO - Server is running on port: 3031
28.12.2023, 17:26:00 - INFO - server.js loaded...
28.12.2023, 17:26:00 - INFO - Server is running on port: 3031
28.12.2023, 17:26:03 - INFO - server.js loaded...
28.12.2023, 17:26:03 - INFO - Server is running on port: 3031
28.12.2023, 17:26:05 - INFO - server.js loaded...
28.12.2023, 17:26:05 - INFO - Server is running on port: 3031
28.12.2023, 17:26:52 - INFO - server.js loaded...
28.12.2023, 17:26:52 - INFO - Server is running on port: 3031
28.12.2023, 17:27:03 - INFO - server.js loaded...
28.12.2023, 17:27:03 - INFO - Server is running on port: 3031
28.12.2023, 17:27:05 - INFO - server.js loaded...
28.12.2023, 17:27:06 - INFO - Server is running on port: 3031
28.12.2023, 17:27:12 - INFO - server.js loaded...
28.12.2023, 17:27:12 - INFO - Server is running on port: 3031
28.12.2023, 17:27:17 - INFO - server.js loaded...
28.12.2023, 17:27:17 - INFO - Server is running on port: 3031
28.12.2023, 17:27:25 - INFO - server.js loaded...
28.12.2023, 17:27:25 - INFO - Server is running on port: 3031
28.12.2023, 17:27:26 - INFO - server.js loaded...
28.12.2023, 17:27:26 - INFO - Server is running on port: 3031
28.12.2023, 17:27:45 - INFO - Server is running on port: 3031
28.12.2023, 17:27:45 - INFO - server.js loaded...
28.12.2023, 17:28:04 - INFO - server.js loaded...
28.12.2023, 17:28:04 - INFO - Server is running on port: 3031
28.12.2023, 17:28:19 - INFO - server.js loaded...
28.12.2023, 17:28:19 - INFO - Server is running on port: 3031
28.12.2023, 17:28:21 - INFO - Server is running on port: 3031
28.12.2023, 17:28:21 - INFO - server.js loaded...
28.12.2023, 17:28:26 - INFO - server.js loaded...
28.12.2023, 17:28:26 - INFO - Server is running on port: 3031
28.12.2023, 17:28:31 - INFO - server.js loaded...
28.12.2023, 17:28:31 - INFO - Server is running on port: 3031
28.12.2023, 17:28:35 - INFO - server.js loaded...
28.12.2023, 17:28:35 - INFO - Server is running on port: 3031
28.12.2023, 17:28:41 - INFO - server.js loaded...
28.12.2023, 17:28:41 - INFO - Server is running on port: 3031
28.12.2023, 17:28:42 - INFO - Server is running on port: 3031
28.12.2023, 17:28:42 - INFO - server.js loaded...
28.12.2023, 17:29:03 - INFO - server.js loaded...
28.12.2023, 17:29:03 - INFO - Server is running on port: 3031
28.12.2023, 17:29:04 - ERROR - Failed to get toy | TypeError: Cannot destructure property 'toyId' of 'req.params.id' as it is undefined.
28.12.2023, 17:29:34 - INFO - server.js loaded...
28.12.2023, 17:29:34 - INFO - Server is running on port: 3031
28.12.2023, 17:29:36 - ERROR - Failed to get toy | TypeError: Cannot destructure property 'toyId' of 'req.params.id' as it is undefined.
28.12.2023, 17:29:49 - INFO - server.js loaded...
28.12.2023, 17:29:49 - INFO - Server is running on port: 3031
28.12.2023, 17:29:50 - ERROR - while finding toy t101 | BSONError: input must be a 24 character hex string, 12 byte Uint8Array, or an integer
28.12.2023, 17:29:50 - ERROR - Failed to get toy | BSONError: input must be a 24 character hex string, 12 byte Uint8Array, or an integer
28.12.2023, 17:30:08 - INFO - server.js loaded...
28.12.2023, 17:30:08 - INFO - Server is running on port: 3031
28.12.2023, 17:38:04 - INFO - server.js loaded...
28.12.2023, 17:38:04 - INFO - Server is running on port: 3031
28.12.2023, 17:38:10 - INFO - server.js loaded...
28.12.2023, 17:38:10 - INFO - Server is running on port: 3031
28.12.2023, 17:38:28 - INFO - server.js loaded...
28.12.2023, 17:38:28 - INFO - Server is running on port: 3031
28.12.2023, 17:38:39 - INFO - server.js loaded...
28.12.2023, 17:38:39 - INFO - Server is running on port: 3031
28.12.2023, 17:38:41 - INFO - server.js loaded...
28.12.2023, 17:38:41 - INFO - Server is running on port: 3031
28.12.2023, 17:38:43 - INFO - server.js loaded...
28.12.2023, 17:38:44 - INFO - Server is running on port: 3031
28.12.2023, 17:38:46 - INFO - server.js loaded...
28.12.2023, 17:38:46 - INFO - Server is running on port: 3031
28.12.2023, 17:38:51 - INFO - server.js loaded...
28.12.2023, 17:38:51 - INFO - Server is running on port: 3031
28.12.2023, 17:38:53 - INFO - server.js loaded...
28.12.2023, 17:38:53 - INFO - Server is running on port: 3031
28.12.2023, 17:39:03 - INFO - server.js loaded...
28.12.2023, 17:39:03 - INFO - Server is running on port: 3031
28.12.2023, 17:39:06 - INFO - server.js loaded...
28.12.2023, 17:39:06 - INFO - Server is running on port: 3031
28.12.2023, 17:39:09 - INFO - server.js loaded...
28.12.2023, 17:39:09 - INFO - Server is running on port: 3031
28.12.2023, 17:39:11 - INFO - server.js loaded...
28.12.2023, 17:39:11 - INFO - Server is running on port: 3031
28.12.2023, 17:39:12 - INFO - Server is running on port: 3031
28.12.2023, 17:39:12 - INFO - server.js loaded...
28.12.2023, 17:39:13 - INFO - server.js loaded...
28.12.2023, 17:39:13 - INFO - Server is running on port: 3031
28.12.2023, 17:39:15 - INFO - server.js loaded...
28.12.2023, 17:39:16 - INFO - Server is running on port: 3031
28.12.2023, 17:39:18 - INFO - server.js loaded...
28.12.2023, 17:39:18 - INFO - Server is running on port: 3031
28.12.2023, 17:39:55 - INFO - server.js loaded...
28.12.2023, 17:39:55 - INFO - Server is running on port: 3031
28.12.2023, 17:40:00 - INFO - Server is running on port: 3031
28.12.2023, 17:40:00 - INFO - server.js loaded...
28.12.2023, 17:40:14 - INFO - server.js loaded...
28.12.2023, 17:40:14 - INFO - Server is running on port: 3031
28.12.2023, 17:41:14 - INFO - server.js loaded...
28.12.2023, 17:41:14 - INFO - Server is running on port: 3031
28.12.2023, 17:44:21 - INFO - server.js loaded...
28.12.2023, 17:44:22 - INFO - Server is running on port: 3031
28.12.2023, 18:03:41 - INFO - Server is running on port: 3031
28.12.2023, 18:03:41 - INFO - server.js loaded...
28.12.2023, 18:03:48 - INFO - server.js loaded...
28.12.2023, 18:03:48 - INFO - Server is running on port: 3031
28.12.2023, 18:03:56 - INFO - server.js loaded...
28.12.2023, 18:03:56 - INFO - Server is running on port: 3031
28.12.2023, 18:03:59 - INFO - Server is running on port: 3031
28.12.2023, 18:03:59 - INFO - server.js loaded...
28.12.2023, 18:04:11 - INFO - server.js loaded...
28.12.2023, 18:04:11 - INFO - Server is running on port: 3031
28.12.2023, 18:04:12 - INFO - server.js loaded...
28.12.2023, 18:04:12 - INFO - Server is running on port: 3031
28.12.2023, 18:04:41 - INFO - server.js loaded...
28.12.2023, 18:04:41 - INFO - Server is running on port: 3031
28.12.2023, 18:04:44 - DEBUG - Getting toys | {}
28.12.2023, 18:04:44 - INFO - Req was made | /
28.12.2023, 18:05:48 - INFO - server.js loaded...
28.12.2023, 18:05:48 - INFO - Server is running on port: 3031
28.12.2023, 18:05:49 - INFO - Req was made | /
28.12.2023, 18:05:49 - DEBUG - Getting toys | {}
28.12.2023, 18:07:04 - INFO - server.js loaded...
28.12.2023, 18:07:04 - INFO - Server is running on port: 3031
28.12.2023, 18:07:08 - INFO - server.js loaded...
28.12.2023, 18:07:08 - INFO - Server is running on port: 3031
28.12.2023, 18:08:13 - INFO - server.js loaded...
28.12.2023, 18:08:13 - INFO - Server is running on port: 3031
28.12.2023, 18:08:15 - INFO - server.js loaded...
28.12.2023, 18:08:15 - INFO - Server is running on port: 3031
28.12.2023, 18:08:21 - INFO - server.js loaded...
28.12.2023, 18:08:21 - INFO - Server is running on port: 3031
28.12.2023, 18:09:20 - INFO - server.js loaded...
28.12.2023, 18:09:20 - INFO - Server is running on port: 3031
28.12.2023, 18:09:25 - INFO - server.js loaded...
28.12.2023, 18:09:25 - INFO - Server is running on port: 3031
28.12.2023, 18:11:44 - INFO - server.js loaded...
28.12.2023, 18:11:44 - INFO - Server is running on port: 3031
28.12.2023, 18:11:45 - INFO - server.js loaded...
28.12.2023, 18:11:45 - INFO - Server is running on port: 3031
28.12.2023, 18:12:16 - INFO - server.js loaded...
28.12.2023, 18:12:16 - INFO - Server is running on port: 3031
28.12.2023, 18:12:19 - INFO - server.js loaded...
28.12.2023, 18:12:19 - INFO - Server is running on port: 3031
28.12.2023, 18:12:20 - INFO - server.js loaded...
28.12.2023, 18:12:20 - INFO - Server is running on port: 3031
28.12.2023, 18:12:21 - INFO - Server is running on port: 3031
28.12.2023, 18:12:21 - INFO - server.js loaded...
28.12.2023, 18:12:27 - INFO - server.js loaded...
28.12.2023, 18:12:27 - INFO - Server is running on port: 3031
28.12.2023, 18:12:31 - INFO - server.js loaded...
28.12.2023, 18:12:31 - INFO - Server is running on port: 3031
28.12.2023, 18:12:33 - INFO - server.js loaded...
28.12.2023, 18:12:33 - INFO - Server is running on port: 3031
28.12.2023, 18:12:38 - INFO - server.js loaded...
28.12.2023, 18:12:38 - INFO - Server is running on port: 3031
28.12.2023, 18:14:28 - INFO - server.js loaded...
28.12.2023, 18:14:28 - INFO - Server is running on port: 3031
28.12.2023, 18:14:38 - INFO - server.js loaded...
28.12.2023, 18:14:38 - INFO - Server is running on port: 3031
28.12.2023, 18:14:44 - INFO - server.js loaded...
28.12.2023, 18:14:44 - INFO - Server is running on port: 3031
28.12.2023, 18:15:45 - INFO - server.js loaded...
28.12.2023, 18:15:45 - INFO - Server is running on port: 3031
28.12.2023, 18:15:49 - INFO - server.js loaded...
28.12.2023, 18:15:49 - INFO - Server is running on port: 3031
28.12.2023, 18:16:07 - INFO - server.js loaded...
28.12.2023, 18:16:07 - INFO - Server is running on port: 3031
28.12.2023, 18:17:37 - INFO - server.js loaded...
28.12.2023, 18:17:37 - INFO - Server is running on port: 3031
28.12.2023, 18:19:40 - INFO - server.js loaded...
28.12.2023, 18:19:40 - INFO - Server is running on port: 3031
28.12.2023, 18:19:56 - INFO - server.js loaded...
28.12.2023, 18:19:56 - INFO - Server is running on port: 3031
28.12.2023, 18:21:36 - INFO - server.js loaded...
28.12.2023, 18:21:36 - INFO - Server is running on port: 3031
28.12.2023, 18:22:02 - INFO - server.js loaded...
28.12.2023, 18:22:02 - INFO - Server is running on port: 3031
28.12.2023, 18:22:51 - INFO - server.js loaded...
28.12.2023, 18:22:51 - INFO - Server is running on port: 3031
28.12.2023, 18:23:05 - INFO - server.js loaded...
28.12.2023, 18:23:05 - INFO - Server is running on port: 3031
28.12.2023, 18:23:08 - INFO - server.js loaded...
28.12.2023, 18:23:08 - INFO - Server is running on port: 3031
28.12.2023, 18:23:20 - INFO - server.js loaded...
28.12.2023, 18:23:20 - INFO - Server is running on port: 3031
28.12.2023, 18:24:11 - INFO - server.js loaded...
28.12.2023, 18:24:11 - INFO - Server is running on port: 3031
28.12.2023, 18:24:13 - INFO - server.js loaded...
28.12.2023, 18:24:13 - INFO - Server is running on port: 3031
28.12.2023, 18:24:19 - INFO - Server is running on port: 3031
28.12.2023, 18:24:19 - INFO - server.js loaded...
28.12.2023, 18:25:01 - INFO - server.js loaded...
28.12.2023, 18:25:01 - INFO - Server is running on port: 3031
28.12.2023, 18:25:02 - INFO - Server is running on port: 3031
28.12.2023, 18:25:02 - INFO - server.js loaded...
28.12.2023, 18:25:04 - ERROR - cannot update toy 658d9c17690a38210ad06d58 | MongoServerError: Performing an update on the path '_id' would modify the immutable field '_id'
28.12.2023, 18:25:04 - ERROR - Failed to update toy | MongoServerError: Performing an update on the path '_id' would modify the immutable field '_id'
28.12.2023, 18:25:23 - INFO - server.js loaded...
28.12.2023, 18:25:24 - INFO - Server is running on port: 3031
28.12.2023, 18:25:25 - ERROR - Failed to update toy | MongoServerError: Performing an update on the path '_id' would modify the immutable field '_id'
28.12.2023, 18:25:25 - ERROR - cannot update toy 658d9c17690a38210ad06d58 | MongoServerError: Performing an update on the path '_id' would modify the immutable field '_id'
28.12.2023, 18:25:38 - INFO - server.js loaded...
28.12.2023, 18:25:38 - INFO - Server is running on port: 3031
28.12.2023, 18:25:42 - INFO - server.js loaded...
28.12.2023, 18:25:42 - INFO - Server is running on port: 3031
28.12.2023, 18:25:59 - INFO - server.js loaded...
28.12.2023, 18:25:59 - INFO - Server is running on port: 3031
28.12.2023, 18:26:00 - ERROR - Failed to update toy | MongoServerError: Performing an update on the path '_id' would modify the immutable field '_id'
28.12.2023, 18:26:00 - ERROR - cannot update toy 658d9c17690a38210ad06d58 | MongoServerError: Performing an update on the path '_id' would modify the immutable field '_id'
28.12.2023, 18:26:29 - INFO - server.js loaded...
28.12.2023, 18:26:29 - INFO - Server is running on port: 3031
28.12.2023, 18:26:40 - INFO - server.js loaded...
28.12.2023, 18:26:40 - INFO - Server is running on port: 3031
28.12.2023, 18:26:41 - INFO - server.js loaded...
28.12.2023, 18:26:41 - INFO - Server is running on port: 3031
28.12.2023, 18:26:47 - INFO - server.js loaded...
28.12.2023, 18:26:47 - INFO - Server is running on port: 3031
28.12.2023, 18:26:48 - INFO - server.js loaded...
28.12.2023, 18:26:48 - INFO - Server is running on port: 3031
28.12.2023, 18:27:02 - INFO - server.js loaded...
28.12.2023, 18:27:02 - INFO - Server is running on port: 3031
28.12.2023, 18:27:07 - INFO - server.js loaded...
28.12.2023, 18:27:07 - INFO - Server is running on port: 3031
28.12.2023, 18:27:18 - INFO - server.js loaded...
28.12.2023, 18:27:18 - INFO - Server is running on port: 3031
28.12.2023, 18:27:21 - INFO - server.js loaded...
28.12.2023, 18:27:21 - INFO - Server is running on port: 3031
28.12.2023, 18:27:23 - INFO - server.js loaded...
28.12.2023, 18:27:23 - INFO - Server is running on port: 3031
28.12.2023, 18:27:24 - INFO - server.js loaded...
28.12.2023, 18:27:24 - INFO - Server is running on port: 3031
28.12.2023, 18:27:26 - INFO - server.js loaded...
28.12.2023, 18:27:26 - INFO - Server is running on port: 3031
28.12.2023, 18:27:28 - INFO - server.js loaded...
28.12.2023, 18:27:28 - INFO - Server is running on port: 3031
28.12.2023, 18:27:29 - INFO - server.js loaded...
28.12.2023, 18:27:29 - INFO - Server is running on port: 3031
28.12.2023, 18:27:30 - INFO - server.js loaded...
28.12.2023, 18:27:30 - INFO - Server is running on port: 3031
28.12.2023, 18:27:32 - INFO - Server is running on port: 3031
28.12.2023, 18:27:32 - INFO - server.js loaded...
28.12.2023, 18:27:35 - INFO - server.js loaded...
28.12.2023, 18:27:35 - INFO - Server is running on port: 3031
28.12.2023, 18:27:37 - INFO - server.js loaded...
28.12.2023, 18:27:37 - INFO - Server is running on port: 3031
28.12.2023, 18:27:39 - INFO - server.js loaded...
28.12.2023, 18:27:39 - INFO - Server is running on port: 3031
28.12.2023, 18:27:42 - INFO - server.js loaded...
28.12.2023, 18:27:42 - INFO - Server is running on port: 3031
28.12.2023, 18:27:46 - INFO - server.js loaded...
28.12.2023, 18:27:46 - INFO - Server is running on port: 3031
28.12.2023, 18:27:47 - INFO - server.js loaded...
28.12.2023, 18:27:47 - INFO - Server is running on port: 3031
28.12.2023, 18:27:53 - INFO - Server is running on port: 3031
28.12.2023, 18:27:53 - INFO - server.js loaded...
28.12.2023, 18:28:15 - INFO - server.js loaded...
28.12.2023, 18:28:15 - INFO - Server is running on port: 3031
28.12.2023, 18:28:17 - INFO - server.js loaded...
28.12.2023, 18:28:17 - INFO - Server is running on port: 3031
28.12.2023, 18:28:33 - INFO - server.js loaded...
28.12.2023, 18:28:33 - INFO - Server is running on port: 3031
28.12.2023, 18:29:11 - INFO - server.js loaded...
28.12.2023, 18:29:11 - INFO - Server is running on port: 3031
28.12.2023, 18:29:15 - INFO - server.js loaded...
28.12.2023, 18:29:15 - INFO - Server is running on port: 3031
28.12.2023, 18:29:19 - INFO - server.js loaded...
28.12.2023, 18:29:19 - INFO - Server is running on port: 3031
28.12.2023, 18:29:21 - INFO - server.js loaded...
28.12.2023, 18:29:21 - INFO - Server is running on port: 3031
28.12.2023, 18:29:26 - INFO - server.js loaded...
28.12.2023, 18:29:26 - INFO - Server is running on port: 3031
28.12.2023, 18:29:42 - INFO - server.js loaded...
28.12.2023, 18:29:42 - INFO - Server is running on port: 3031
28.12.2023, 18:29:45 - INFO - Server is running on port: 3031
28.12.2023, 18:29:45 - INFO - server.js loaded...
